<?xml version="1.0" encoding="UTF-8"?>
<!-- Generated by org.testng.reporters.JUnitReportReporter -->
<testsuite hostname="Muskan" failures="0" tests="1" name="driverFactory.AppTest" time="154.850" errors="0" timestamp="2026-04-15T11:10:37 IST" skipped="0">
  <testcase classname="driverFactory.AppTest" name="userLoginTest" time="154.850">
    <system-out>
      <![CDATA[No of rows are::7
Login Successful
Logout Successful
Login Successful
Logout Successful]]>
    </system-out>
  </testcase> <!-- userLoginTest -->
  <system-out>
    <![CDATA[No of rows are::7
Login Successful
Logout Successful
Login Successful
Logout Successful]]>
  </system-out>
</testsuite> <!-- driverFactory.AppTest -->
