<?xml version="1.0" encoding="UTF-8"?>
<!-- Generated by org.testng.reporters.JUnitReportReporter -->
<testsuite hostname="Muskan" failures="0" tests="1" name="driverFactory.AppTest" time="55.043" errors="0" timestamp="2026-04-09T10:26:17 IST" skipped="0">
  <testcase classname="driverFactory.AppTest" name="startTest" time="55.043">
    <system-out>
      <![CDATA[No of rows are::7
Login Failed: Do not have an account? Sign Up
Login Failed: Username not found
Login Failed: Do not have an account? Sign Up
Login Failed: Do not have an account? Sign Up
Login Failed: Username not found
Login Failed: Do not have an account? Sign Up
Login Failed: Username not found]]>
    </system-out>
  </testcase> <!-- startTest -->
  <system-out>
    <![CDATA[No of rows are::7
Login Failed: Do not have an account? Sign Up
Login Failed: Username not found
Login Failed: Do not have an account? Sign Up
Login Failed: Do not have an account? Sign Up
Login Failed: Username not found
Login Failed: Do not have an account? Sign Up
Login Failed: Username not found]]>
  </system-out>
</testsuite> <!-- driverFactory.AppTest -->
