<?xml version="1.0" encoding="UTF-8"?>
<testng-results ignored="0" total="1" passed="1" failed="0" skipped="0">
  <reporter-output>
    <line>
      <![CDATA[No of rows are::7]]>
    </line>
    <line>
      <![CDATA[Login Failed: Do not have an account? Sign Up]]>
    </line>
    <line>
      <![CDATA[Login Failed: Username not found]]>
    </line>
    <line>
      <![CDATA[Login Failed: Do not have an account? Sign Up]]>
    </line>
    <line>
      <![CDATA[Login Failed: Do not have an account? Sign Up]]>
    </line>
    <line>
      <![CDATA[Login Failed: Username not found]]>
    </line>
    <line>
      <![CDATA[Login Failed: Do not have an account? Sign Up]]>
    </line>
    <line>
      <![CDATA[Login Failed: Username not found]]>
    </line>
  </reporter-output>
  <suite started-at="2026-04-09T10:25:19 IST" name="Default suite" finished-at="2026-04-09T10:26:17 IST" duration-ms="57349">
    <groups>
    </groups>
    <test started-at="2026-04-09T10:25:19 IST" name="Default test" finished-at="2026-04-09T10:26:17 IST" duration-ms="57349">
      <class name="driverFactory.AppTest">
        <test-method is-config="true" signature="setUp()[pri:0, instance:driverFactory.AppTest@7eac9008]" started-at="2026-04-09T10:25:19 IST" name="setUp" finished-at="2026-04-09T10:25:21 IST" duration-ms="1941" status="PASS">
          <reporter-output>
          </reporter-output>
        </test-method> <!-- setUp -->
        <test-method signature="startTest()[pri:0, instance:driverFactory.AppTest@7eac9008]" started-at="2026-04-09T10:25:21 IST" name="startTest" finished-at="2026-04-09T10:26:16 IST" duration-ms="55043" status="PASS">
          <reporter-output>
            <line>
              <![CDATA[No of rows are::7]]>
            </line>
            <line>
              <![CDATA[Login Failed: Do not have an account? Sign Up]]>
            </line>
            <line>
              <![CDATA[Login Failed: Username not found]]>
            </line>
            <line>
              <![CDATA[Login Failed: Do not have an account? Sign Up]]>
            </line>
            <line>
              <![CDATA[Login Failed: Do not have an account? Sign Up]]>
            </line>
            <line>
              <![CDATA[Login Failed: Username not found]]>
            </line>
            <line>
              <![CDATA[Login Failed: Do not have an account? Sign Up]]>
            </line>
            <line>
              <![CDATA[Login Failed: Username not found]]>
            </line>
          </reporter-output>
        </test-method> <!-- startTest -->
        <test-method is-config="true" signature="tearDown()[pri:0, instance:driverFactory.AppTest@7eac9008]" started-at="2026-04-09T10:26:16 IST" name="tearDown" finished-at="2026-04-09T10:26:17 IST" duration-ms="311" status="PASS">
          <reporter-output>
          </reporter-output>
        </test-method> <!-- tearDown -->
      </class> <!-- driverFactory.AppTest -->
    </test> <!-- Default test -->
  </suite> <!-- Default suite -->
</testng-results>
