<?xml version="1.0" encoding="UTF-8"?>
<testng-results ignored="0" total="1" passed="1" failed="0" skipped="0">
  <reporter-output>
    <line>
      <![CDATA[No of rows are::7]]>
    </line>
    <line>
      <![CDATA[Login Successful]]>
    </line>
    <line>
      <![CDATA[Logout Successful]]>
    </line>
    <line>
      <![CDATA[Login Successful]]>
    </line>
    <line>
      <![CDATA[Logout Successful]]>
    </line>
  </reporter-output>
  <suite started-at="2026-04-15T11:17:36 IST" name="Default suite" finished-at="2026-04-15T11:19:59 IST" duration-ms="142907">
    <groups>
    </groups>
    <test started-at="2026-04-15T11:17:36 IST" name="Default test" finished-at="2026-04-15T11:19:59 IST" duration-ms="142907">
      <class name="driverFactory.AppTest">
        <test-method is-config="true" signature="setUp()[pri:0, instance:driverFactory.AppTest@7eac9008]" started-at="2026-04-15T11:17:36 IST" name="setUp" finished-at="2026-04-15T11:17:38 IST" duration-ms="1876" status="PASS">
          <reporter-output>
          </reporter-output>
        </test-method> <!-- setUp -->
        <test-method signature="userLoginTest()[pri:0, instance:driverFactory.AppTest@7eac9008]" started-at="2026-04-15T11:17:38 IST" name="userLoginTest" finished-at="2026-04-15T11:19:58 IST" duration-ms="140486" status="PASS">
          <reporter-output>
            <line>
              <![CDATA[No of rows are::7]]>
            </line>
            <line>
              <![CDATA[Login Successful]]>
            </line>
            <line>
              <![CDATA[Logout Successful]]>
            </line>
            <line>
              <![CDATA[Login Successful]]>
            </line>
            <line>
              <![CDATA[Logout Successful]]>
            </line>
          </reporter-output>
        </test-method> <!-- userLoginTest -->
        <test-method is-config="true" signature="tearDown()[pri:0, instance:driverFactory.AppTest@7eac9008]" started-at="2026-04-15T11:19:58 IST" name="tearDown" finished-at="2026-04-15T11:19:59 IST" duration-ms="455" status="PASS">
          <reporter-output>
          </reporter-output>
        </test-method> <!-- tearDown -->
      </class> <!-- driverFactory.AppTest -->
    </test> <!-- Default test -->
  </suite> <!-- Default suite -->
</testng-results>
